2020-08-07 13:22:28,771 INFO notifyConnectTimeout:200

2020-08-07 13:22:28,771 INFO notifySocketTimeout:8000

2020-08-07 13:22:28,771 INFO isHealthCheck:true

2020-08-07 13:22:28,771 INFO maxHealthCheckFailCount:12

2020-08-07 13:22:28,772 INFO maxContent:10485760

2020-08-07 13:22:28,772 INFO spring.datasource.platform:mysql

2020-08-07 13:22:29,639 WARN DumpService start

2020-08-07 13:22:29,643 INFO start clear all config-info.

2020-08-07 13:22:29,652 INFO clear all config-info success.

2020-08-07 13:22:29,652 WARN clear all config-info-tenant failed.

2020-08-07 13:22:29,727 INFO [all-dump] 38 / 38

2020-08-07 13:22:29,727 INFO start clear all config-info-beta.

2020-08-07 13:22:29,727 WARN clear all config-info-beta failed.

2020-08-07 13:22:29,727 WARN clear all config-info-beta-tenant failed.

2020-08-07 13:22:29,732 INFO start clear all config-info-tag.

2020-08-07 13:22:29,732 WARN clear all config-info-tag failed.

2020-08-07 13:22:29,733 WARN clear all config-info-tag-tenant failed.

2020-08-07 13:22:29,859 INFO ServerListService address-server port:8848

2020-08-07 13:22:29,860 INFO ADDRESS_SERVER_URL:http://jmenv.tbsite.net:8080/nacos/serverlist

2020-08-07 13:22:29,860 WARN [serverlist] updated to [192.168.0.144]

2020-08-07 14:13:18,644 INFO notifyConnectTimeout:200

2020-08-07 14:13:18,645 INFO notifySocketTimeout:8000

2020-08-07 14:13:18,645 INFO isHealthCheck:true

2020-08-07 14:13:18,645 INFO maxHealthCheckFailCount:12

2020-08-07 14:13:18,645 INFO maxContent:10485760

2020-08-07 14:13:18,645 INFO spring.datasource.platform:mysql

2020-08-07 14:13:19,474 WARN DumpService start

2020-08-07 14:13:19,477 INFO start clear all config-info.

2020-08-07 14:13:19,486 INFO clear all config-info success.

2020-08-07 14:13:19,486 WARN clear all config-info-tenant failed.

2020-08-07 14:13:19,554 INFO [all-dump] 38 / 38

2020-08-07 14:13:19,554 INFO start clear all config-info-beta.

2020-08-07 14:13:19,554 WARN clear all config-info-beta failed.

2020-08-07 14:13:19,554 WARN clear all config-info-beta-tenant failed.

2020-08-07 14:13:19,559 INFO start clear all config-info-tag.

2020-08-07 14:13:19,559 WARN clear all config-info-tag failed.

2020-08-07 14:13:19,559 WARN clear all config-info-tag-tenant failed.

2020-08-07 14:13:19,687 INFO ServerListService address-server port:8848

2020-08-07 14:13:19,687 INFO ADDRESS_SERVER_URL:http://jmenv.tbsite.net:8080/nacos/serverlist

2020-08-07 14:13:19,687 WARN [serverlist] updated to [192.168.56.1]

