2020-08-07 13:22:23,513 INFO Starting Nacos v1.1.4 on DESKTOP-TQMUMK1 with PID 7812 (E:\GitHub\cloud-platform\ace-control\ace-nacos\nacos\target\nacos-server.jar started by gukun in E:\GitHub\cloud-platform\ace-control\ace-nacos\nacos\bin)

2020-08-07 13:22:23,516 INFO The following profiles are active: standalone

2020-08-07 13:22:25,806 INFO Bean 'org.springframework.security.config.annotation.configuration.ObjectPostProcessorConfiguration' of type [org.springframework.security.config.annotation.configuration.ObjectPostProcessorConfiguration$$EnhancerBySpringCGLIB$$49f3cb4] is not eligible for getting processed by all BeanPostProcessors (for example: not eligible for auto-proxying)

2020-08-07 13:22:25,900 INFO Bean 'objectPostProcessor' of type [org.springframework.security.config.annotation.configuration.AutowireBeanFactoryObjectPostProcessor] is not eligible for getting processed by all BeanPostProcessors (for example: not eligible for auto-proxying)

2020-08-07 13:22:25,902 INFO Bean 'org.springframework.security.access.expression.method.DefaultMethodSecurityExpressionHandler@303cf2ba' of type [org.springframework.security.access.expression.method.DefaultMethodSecurityExpressionHandler] is not eligible for getting processed by all BeanPostProcessors (for example: not eligible for auto-proxying)

2020-08-07 13:22:25,903 INFO Bean 'org.springframework.security.config.annotation.method.configuration.GlobalMethodSecurityConfiguration' of type [org.springframework.security.config.annotation.method.configuration.GlobalMethodSecurityConfiguration$$EnhancerBySpringCGLIB$$2973df66] is not eligible for getting processed by all BeanPostProcessors (for example: not eligible for auto-proxying)

2020-08-07 13:22:25,908 INFO Bean 'methodSecurityMetadataSource' of type [org.springframework.security.access.method.DelegatingMethodSecurityMetadataSource] is not eligible for getting processed by all BeanPostProcessors (for example: not eligible for auto-proxying)

2020-08-07 13:22:27,426 INFO Tomcat initialized with port(s): 8848 (http)

2020-08-07 13:22:27,477 INFO Starting service [Tomcat]

2020-08-07 13:22:27,478 INFO Starting Servlet Engine: Apache Tomcat/9.0.13

2020-08-07 13:22:27,502 INFO The APR based Apache Tomcat Native library which allows optimal performance in production environments was not found on the java.library.path: [C:\Program Files\Java\jdk1.8.0_101\bin;C:\WINDOWS\Sun\Java\bin;C:\WINDOWS\system32;C:\WINDOWS;C:\Program Files (x86)\NetSarang\Xftp 6\;C:\Program Files (x86)\NetSarang\Xshell 6\;C:\Program Files\Python\Scripts\;C:\Program Files\Python\;C:\ProgramData\Oracle\Java\javapath;C:\Windows\system32;C:\Windows;C:\Windows\System32\Wbem;C:\Windows\System32\WindowsPowerShell\v1.0\;C:\Program Files\TortoiseSVN\bin;C:\Program Files (x86)\NVIDIA Corporation\PhysX\Common;E:\SoftWare\mysql-8.0.11-winx64\bin;C:\Program Files\scala-2.11.11\bin;C:\Program Files\scala-2.11.11\jre\bin;C:\Program Files\apache-maven-3.5.0\bin;C:\WINDOWS\system32;C:\WINDOWS;C:\WINDOWS\System32\Wbem;C:\WINDOWS\System32\WindowsPowerShell\v1.0\;C:\WINDOWS\System32\OpenSSH\;C:\Program Files\Git\cmd;C:\Program Files\PostgreSQL\11\bin;E:\SoftWare\hadoop-2.7.1\bin;C:\Program Files\Intel\WiFi\bin\;C:\Program Files\Common Files\Intel\WirelessCommon\;C:\Program Files\NVIDIA Corporation\NVIDIA NvDLISR;C:\Program Files (x86)\Intel\Intel(R) Management Engine Components\DAL;C:\Program Files\Intel\Intel(R) Management Engine Components\DAL;C:\Program Files\Microsoft VS Code\bin;C:\SoftWare\RabbitMQServer\rabbitmq_server-3.8.1\sbin;D:\Program Files\nodejs\;C:\ProgramData\chocolatey\bin;D:\Program Files\nodejs\node_global;C:\Program Files\Calibre2\;C:\Users\gukun\.app\;C:\Users\gukun\AppData\Local\Microsoft\WindowsApps;C:\Users\gukun\AppData\Local\GitHubDesktop\bin;C:\Users\gukun\AppData\Local\Programs\Fiddler;C:\Users\gukun\AppData\Local\Microsoft\WindowsApps;C:\Users\gukun\AppData\Roaming\npm;C:\Program Files\JetBrains\IntelliJ IDEA 2020.1.1\bin;;.]

2020-08-07 13:22:27,660 INFO Initializing Spring embedded WebApplicationContext

2020-08-07 13:22:27,660 INFO Root WebApplicationContext: initialization completed in 4088 ms

2020-08-07 13:22:28,802 INFO Use Mysql 8 as the driver

2020-08-07 13:22:30,345 INFO Initializing ExecutorService 'applicationTaskExecutor'

2020-08-07 13:22:30,520 INFO Adding welcome page: class path resource [static/index.html]

2020-08-07 13:22:30,861 INFO Creating filter chain: Ant [pattern='/'], []

2020-08-07 13:22:30,862 INFO Creating filter chain: Ant [pattern='/**/*.css'], []

2020-08-07 13:22:30,862 INFO Creating filter chain: Ant [pattern='/**/*.js'], []

2020-08-07 13:22:30,862 INFO Creating filter chain: Ant [pattern='/**/*.html'], []

2020-08-07 13:22:30,863 INFO Creating filter chain: Ant [pattern='/**/*.map'], []

2020-08-07 13:22:30,863 INFO Creating filter chain: Ant [pattern='/**/*.svg'], []

2020-08-07 13:22:30,863 INFO Creating filter chain: Ant [pattern='/**/*.png'], []

2020-08-07 13:22:30,863 INFO Creating filter chain: Ant [pattern='/**/*.ico'], []

2020-08-07 13:22:30,863 INFO Creating filter chain: Ant [pattern='/console-fe/public/**'], []

2020-08-07 13:22:30,864 INFO Creating filter chain: Ant [pattern='/v1/auth/login'], []

2020-08-07 13:22:30,864 INFO Creating filter chain: Ant [pattern='/v1/console/health/**'], []

2020-08-07 13:22:30,864 INFO Creating filter chain: Ant [pattern='/v1/cs/**'], []

2020-08-07 13:22:30,864 INFO Creating filter chain: Ant [pattern='/v1/ns/**'], []

2020-08-07 13:22:30,864 INFO Creating filter chain: Ant [pattern='/v1/cmdb/**'], []

2020-08-07 13:22:30,865 INFO Creating filter chain: Ant [pattern='/actuator/**'], []

2020-08-07 13:22:30,865 INFO Creating filter chain: Ant [pattern='/v1/console/server/**'], []

2020-08-07 13:22:30,906 INFO Creating filter chain: any request, [org.springframework.security.web.context.request.async.WebAsyncManagerIntegrationFilter@57459491, org.springframework.security.web.context.SecurityContextPersistenceFilter@1e7aa82b, org.springframework.security.web.header.HeaderWriterFilter@7c541c15, org.springframework.security.web.authentication.logout.LogoutFilter@549949be, com.alibaba.nacos.console.filter.JwtAuthenticationTokenFilter@3f0846c6, org.springframework.security.web.savedrequest.RequestCacheAwareFilter@5bd82fed, org.springframework.security.web.servletapi.SecurityContextHolderAwareRequestFilter@1c6804cd, org.springframework.security.web.authentication.AnonymousAuthenticationFilter@77a98a6a, org.springframework.security.web.session.SessionManagementFilter@698122b2, org.springframework.security.web.access.ExceptionTranslationFilter@66b7550d, org.springframework.security.web.access.intercept.FilterSecurityInterceptor@3a3e4aff]

2020-08-07 13:22:31,003 INFO Exposing 2 endpoint(s) beneath base path '/actuator'

2020-08-07 13:22:31,042 INFO Initializing ExecutorService 'taskScheduler'

2020-08-07 13:22:31,147 INFO Tomcat started on port(s): 8848 (http) with context path '/nacos'

2020-08-07 13:22:31,152 INFO Started Nacos in 9.546 seconds (JVM running for 10.219)

2020-08-07 13:22:31,152 INFO Nacos Log files: E:\GitHub\cloud-platform\ace-control\ace-nacos\nacos/logs/

2020-08-07 13:22:31,152 INFO Nacos Conf files: E:\GitHub\cloud-platform\ace-control\ace-nacos\nacos/conf/

2020-08-07 13:22:31,153 INFO Nacos Data files: E:\GitHub\cloud-platform\ace-control\ace-nacos\nacos/data/

2020-08-07 13:22:31,153 INFO Nacos started successfully in stand alone mode.

2020-08-07 13:22:35,140 INFO Initializing Spring DispatcherServlet 'dispatcherServlet'

2020-08-07 13:22:35,140 INFO Initializing Servlet 'dispatcherServlet'

2020-08-07 13:22:35,150 INFO Completed initialization in 9 ms

2020-08-07 13:23:05,468 INFO Expired JWT token.

2020-08-07 13:23:05,485 ERROR Responding with unauthorized error. Message - Full authentication is required to access this resource

2020-08-07 13:32:29,633 INFO [capacityManagement] start correct usage

2020-08-07 13:32:29,645 INFO [capacityManagement] end correct usage, cost: 0s

2020-08-07 13:32:29,743 WARN clearConfigHistory start

2020-08-07 13:42:29,646 INFO [capacityManagement] start correct usage

2020-08-07 13:42:29,649 INFO [capacityManagement] end correct usage, cost: 0s

2020-08-07 13:42:29,746 WARN clearConfigHistory start

2020-08-07 13:52:29,650 INFO [capacityManagement] start correct usage

2020-08-07 13:52:29,652 INFO [capacityManagement] end correct usage, cost: 0s

2020-08-07 13:52:29,749 WARN clearConfigHistory start

2020-08-07 14:02:29,654 INFO [capacityManagement] start correct usage

2020-08-07 14:02:29,656 INFO [capacityManagement] end correct usage, cost: 0s

2020-08-07 14:02:29,751 WARN clearConfigHistory start

2020-08-07 14:12:29,657 INFO [capacityManagement] start correct usage

2020-08-07 14:12:29,660 INFO [capacityManagement] end correct usage, cost: 0s

2020-08-07 14:12:29,753 WARN clearConfigHistory start

2020-08-07 14:13:13,996 INFO Starting Nacos v1.1.4 on DESKTOP-TQMUMK1 with PID 3948 (E:\GitHub\cloud-platform\ace-control\ace-nacos\nacos\target\nacos-server.jar started by gukun in E:\GitHub\cloud-platform\ace-control\ace-nacos\nacos\bin)

2020-08-07 14:13:13,999 INFO The following profiles are active: standalone

2020-08-07 14:13:16,112 INFO Bean 'org.springframework.security.config.annotation.configuration.ObjectPostProcessorConfiguration' of type [org.springframework.security.config.annotation.configuration.ObjectPostProcessorConfiguration$$EnhancerBySpringCGLIB$$bf69ec69] is not eligible for getting processed by all BeanPostProcessors (for example: not eligible for auto-proxying)

2020-08-07 14:13:16,232 INFO Bean 'objectPostProcessor' of type [org.springframework.security.config.annotation.configuration.AutowireBeanFactoryObjectPostProcessor] is not eligible for getting processed by all BeanPostProcessors (for example: not eligible for auto-proxying)

2020-08-07 14:13:16,249 INFO Bean 'org.springframework.security.access.expression.method.DefaultMethodSecurityExpressionHandler@7d9d0818' of type [org.springframework.security.access.expression.method.DefaultMethodSecurityExpressionHandler] is not eligible for getting processed by all BeanPostProcessors (for example: not eligible for auto-proxying)

2020-08-07 14:13:16,253 INFO Bean 'org.springframework.security.config.annotation.method.configuration.GlobalMethodSecurityConfiguration' of type [org.springframework.security.config.annotation.method.configuration.GlobalMethodSecurityConfiguration$$EnhancerBySpringCGLIB$$e43e8f1b] is not eligible for getting processed by all BeanPostProcessors (for example: not eligible for auto-proxying)

2020-08-07 14:13:16,258 INFO Bean 'methodSecurityMetadataSource' of type [org.springframework.security.access.method.DelegatingMethodSecurityMetadataSource] is not eligible for getting processed by all BeanPostProcessors (for example: not eligible for auto-proxying)

2020-08-07 14:13:17,682 INFO Tomcat initialized with port(s): 8848 (http)

2020-08-07 14:13:17,712 INFO Starting service [Tomcat]

2020-08-07 14:13:17,712 INFO Starting Servlet Engine: Apache Tomcat/9.0.13

2020-08-07 14:13:17,725 INFO The APR based Apache Tomcat Native library which allows optimal performance in production environments was not found on the java.library.path: [C:\Program Files\Java\jdk1.8.0_101\bin;C:\WINDOWS\Sun\Java\bin;C:\WINDOWS\system32;C:\WINDOWS;C:\Program Files (x86)\NetSarang\Xftp 6\;C:\Program Files (x86)\NetSarang\Xshell 6\;C:\Program Files\Python\Scripts\;C:\Program Files\Python\;C:\ProgramData\Oracle\Java\javapath;C:\Windows\system32;C:\Windows;C:\Windows\System32\Wbem;C:\Windows\System32\WindowsPowerShell\v1.0\;C:\Program Files\TortoiseSVN\bin;C:\Program Files (x86)\NVIDIA Corporation\PhysX\Common;E:\SoftWare\mysql-8.0.11-winx64\bin;C:\Program Files\scala-2.11.11\bin;C:\Program Files\scala-2.11.11\jre\bin;C:\Program Files\apache-maven-3.5.0\bin;C:\WINDOWS\system32;C:\WINDOWS;C:\WINDOWS\System32\Wbem;C:\WINDOWS\System32\WindowsPowerShell\v1.0\;C:\WINDOWS\System32\OpenSSH\;C:\Program Files\Git\cmd;C:\Program Files\PostgreSQL\11\bin;E:\SoftWare\hadoop-2.7.1\bin;C:\Program Files\Intel\WiFi\bin\;C:\Program Files\Common Files\Intel\WirelessCommon\;C:\Program Files\NVIDIA Corporation\NVIDIA NvDLISR;C:\Program Files (x86)\Intel\Intel(R) Management Engine Components\DAL;C:\Program Files\Intel\Intel(R) Management Engine Components\DAL;C:\Program Files\Microsoft VS Code\bin;C:\SoftWare\RabbitMQServer\rabbitmq_server-3.8.1\sbin;D:\Program Files\nodejs\;C:\ProgramData\chocolatey\bin;D:\Program Files\nodejs\node_global;C:\Program Files\Calibre2\;C:\Users\gukun\.app\;C:\Users\gukun\AppData\Local\Microsoft\WindowsApps;C:\Users\gukun\AppData\Local\GitHubDesktop\bin;C:\Users\gukun\AppData\Local\Programs\Fiddler;C:\Users\gukun\AppData\Local\Microsoft\WindowsApps;C:\Users\gukun\AppData\Roaming\npm;C:\Program Files\JetBrains\IntelliJ IDEA 2020.1.1\bin;;.]

2020-08-07 14:13:17,821 INFO Initializing Spring embedded WebApplicationContext

2020-08-07 14:13:17,821 INFO Root WebApplicationContext: initialization completed in 3760 ms

2020-08-07 14:13:18,678 INFO Use Mysql 8 as the driver

2020-08-07 14:13:20,125 INFO Initializing ExecutorService 'applicationTaskExecutor'

2020-08-07 14:13:20,299 INFO Adding welcome page: class path resource [static/index.html]

2020-08-07 14:13:20,645 INFO Creating filter chain: Ant [pattern='/'], []

2020-08-07 14:13:20,646 INFO Creating filter chain: Ant [pattern='/**/*.css'], []

2020-08-07 14:13:20,647 INFO Creating filter chain: Ant [pattern='/**/*.js'], []

2020-08-07 14:13:20,647 INFO Creating filter chain: Ant [pattern='/**/*.html'], []

2020-08-07 14:13:20,651 INFO Creating filter chain: Ant [pattern='/**/*.map'], []

2020-08-07 14:13:20,651 INFO Creating filter chain: Ant [pattern='/**/*.svg'], []

2020-08-07 14:13:20,652 INFO Creating filter chain: Ant [pattern='/**/*.png'], []

2020-08-07 14:13:20,652 INFO Creating filter chain: Ant [pattern='/**/*.ico'], []

2020-08-07 14:13:20,653 INFO Creating filter chain: Ant [pattern='/console-fe/public/**'], []

2020-08-07 14:13:20,653 INFO Creating filter chain: Ant [pattern='/v1/auth/login'], []

2020-08-07 14:13:20,654 INFO Creating filter chain: Ant [pattern='/v1/console/health/**'], []

2020-08-07 14:13:20,654 INFO Creating filter chain: Ant [pattern='/v1/cs/**'], []

2020-08-07 14:13:20,655 INFO Creating filter chain: Ant [pattern='/v1/ns/**'], []

2020-08-07 14:13:20,655 INFO Creating filter chain: Ant [pattern='/v1/cmdb/**'], []

2020-08-07 14:13:20,656 INFO Creating filter chain: Ant [pattern='/actuator/**'], []

2020-08-07 14:13:20,659 INFO Creating filter chain: Ant [pattern='/v1/console/server/**'], []

2020-08-07 14:13:20,696 INFO Creating filter chain: any request, [org.springframework.security.web.context.request.async.WebAsyncManagerIntegrationFilter@1e7aa82b, org.springframework.security.web.context.SecurityContextPersistenceFilter@5c42d2b7, org.springframework.security.web.header.HeaderWriterFilter@4351c8c3, org.springframework.security.web.authentication.logout.LogoutFilter@a4ca3f6, com.alibaba.nacos.console.filter.JwtAuthenticationTokenFilter@3b2c0e88, org.springframework.security.web.savedrequest.RequestCacheAwareFilter@5b1f29fa, org.springframework.security.web.servletapi.SecurityContextHolderAwareRequestFilter@774698ab, org.springframework.security.web.authentication.AnonymousAuthenticationFilter@5bd82fed, org.springframework.security.web.session.SessionManagementFilter@6bea52d4, org.springframework.security.web.access.ExceptionTranslationFilter@246f8b8b, org.springframework.security.web.access.intercept.FilterSecurityInterceptor@698122b2]

2020-08-07 14:13:20,800 INFO Exposing 2 endpoint(s) beneath base path '/actuator'

2020-08-07 14:13:20,836 INFO Initializing ExecutorService 'taskScheduler'

2020-08-07 14:13:20,935 INFO Tomcat started on port(s): 8848 (http) with context path '/nacos'

2020-08-07 14:13:20,941 INFO Started Nacos in 8.869 seconds (JVM running for 9.521)

2020-08-07 14:13:20,942 INFO Nacos Log files: E:\GitHub\cloud-platform\ace-control\ace-nacos\nacos/logs/

2020-08-07 14:13:20,942 INFO Nacos Conf files: E:\GitHub\cloud-platform\ace-control\ace-nacos\nacos/conf/

2020-08-07 14:13:20,942 INFO Nacos Data files: E:\GitHub\cloud-platform\ace-control\ace-nacos\nacos/data/

2020-08-07 14:13:20,943 INFO Nacos started successfully in stand alone mode.

2020-08-07 14:13:24,947 INFO Initializing Spring DispatcherServlet 'dispatcherServlet'

2020-08-07 14:13:24,947 INFO Initializing Servlet 'dispatcherServlet'

2020-08-07 14:13:24,961 INFO Completed initialization in 14 ms

2020-08-07 14:23:19,467 INFO [capacityManagement] start correct usage

2020-08-07 14:23:19,476 INFO [capacityManagement] end correct usage, cost: 0s

2020-08-07 14:23:19,568 WARN clearConfigHistory start

2020-08-07 14:33:19,477 INFO [capacityManagement] start correct usage

2020-08-07 14:33:19,481 INFO [capacityManagement] end correct usage, cost: 0s

2020-08-07 14:33:19,573 WARN clearConfigHistory start

2020-08-07 14:43:19,481 INFO [capacityManagement] start correct usage

2020-08-07 14:43:19,484 INFO [capacityManagement] end correct usage, cost: 0s

2020-08-07 14:43:19,576 WARN clearConfigHistory start

2020-08-07 14:53:19,486 INFO [capacityManagement] start correct usage

2020-08-07 14:53:19,488 INFO [capacityManagement] end correct usage, cost: 0s

2020-08-07 14:53:19,581 WARN clearConfigHistory start

2020-08-07 15:03:14,431 INFO Expired JWT token.

2020-08-07 15:03:14,460 ERROR Responding with unauthorized error. Message - Full authentication is required to access this resource

2020-08-07 15:03:19,489 INFO [capacityManagement] start correct usage

2020-08-07 15:03:19,492 INFO [capacityManagement] end correct usage, cost: 0s

2020-08-07 15:03:19,585 WARN clearConfigHistory start

2020-08-07 15:06:19,540 INFO Expired JWT token.

2020-08-07 15:06:19,541 ERROR Responding with unauthorized error. Message - Full authentication is required to access this resource

2020-08-07 15:11:55,451 INFO Expired JWT token.

2020-08-07 15:11:55,452 ERROR Responding with unauthorized error. Message - Full authentication is required to access this resource

2020-08-07 15:13:19,493 INFO [capacityManagement] start correct usage

2020-08-07 15:13:19,496 INFO [capacityManagement] end correct usage, cost: 0s

2020-08-07 15:13:19,588 WARN clearConfigHistory start

2020-08-07 15:23:19,497 INFO [capacityManagement] start correct usage

2020-08-07 15:23:19,499 INFO [capacityManagement] end correct usage, cost: 0s

2020-08-07 15:23:19,593 WARN clearConfigHistory start

2020-08-07 15:33:19,499 INFO [capacityManagement] start correct usage

2020-08-07 15:33:19,501 INFO [capacityManagement] end correct usage, cost: 0s

2020-08-07 15:33:19,595 WARN clearConfigHistory start

2020-08-07 15:43:19,503 INFO [capacityManagement] start correct usage

2020-08-07 15:43:19,507 INFO [capacityManagement] end correct usage, cost: 0s

2020-08-07 15:43:19,598 WARN clearConfigHistory start

2020-08-07 15:53:19,508 INFO [capacityManagement] start correct usage

2020-08-07 15:53:19,510 INFO [capacityManagement] end correct usage, cost: 0s

2020-08-07 15:53:19,601 WARN clearConfigHistory start

2020-08-07 16:03:19,512 INFO [capacityManagement] start correct usage

2020-08-07 16:03:19,515 INFO [capacityManagement] end correct usage, cost: 0s

2020-08-07 16:03:19,605 WARN clearConfigHistory start

2020-08-07 16:13:19,516 INFO [capacityManagement] start correct usage

2020-08-07 16:13:19,518 INFO [capacityManagement] end correct usage, cost: 0s

2020-08-07 16:13:19,607 WARN clearConfigHistory start

2020-08-07 16:23:19,520 INFO [capacityManagement] start correct usage

2020-08-07 16:23:19,522 INFO [capacityManagement] end correct usage, cost: 0s

2020-08-07 16:23:19,610 WARN clearConfigHistory start

2020-08-07 16:33:19,524 INFO [capacityManagement] start correct usage

2020-08-07 16:33:19,527 INFO [capacityManagement] end correct usage, cost: 0s

2020-08-07 16:33:19,612 WARN clearConfigHistory start

2020-08-07 16:43:19,528 INFO [capacityManagement] start correct usage

2020-08-07 16:43:19,531 INFO [capacityManagement] end correct usage, cost: 0s

2020-08-07 16:43:19,615 WARN clearConfigHistory start

2020-08-07 16:53:19,532 INFO [capacityManagement] start correct usage

2020-08-07 16:53:19,535 INFO [capacityManagement] end correct usage, cost: 0s

2020-08-07 16:53:19,619 WARN clearConfigHistory start

