2020-08-07 13:24:33,829 INFO DEFAULT_GROUP@@ace-admin is changed, add it to push queue.

2020-08-07 13:24:37,587 INFO DEFAULT_GROUP@@ace-admin is changed, add it to push queue.

2020-08-07 13:27:02,646 INFO DEFAULT_GROUP@@ace-admin is changed, add it to push queue.

2020-08-07 13:27:06,427 INFO DEFAULT_GROUP@@ace-admin is changed, add it to push queue.

2020-08-07 13:32:20,186 INFO DEFAULT_GROUP@@ace-admin is changed, add it to push queue.

2020-08-07 13:32:24,034 INFO DEFAULT_GROUP@@ace-admin is changed, add it to push queue.

2020-08-07 13:33:13,747 INFO DEFAULT_GROUP@@ace-admin is changed, add it to push queue.

2020-08-07 13:33:17,623 INFO DEFAULT_GROUP@@ace-admin is changed, add it to push queue.

2020-08-07 13:36:06,466 INFO DEFAULT_GROUP@@ace-admin is changed, add it to push queue.

2020-08-07 13:36:10,424 INFO DEFAULT_GROUP@@ace-admin is changed, add it to push queue.

2020-08-07 13:38:41,026 INFO DEFAULT_GROUP@@ace-admin is changed, add it to push queue.

2020-08-07 13:38:44,825 INFO DEFAULT_GROUP@@ace-admin is changed, add it to push queue.

2020-08-07 13:41:23,101 INFO DEFAULT_GROUP@@ace-admin is changed, add it to push queue.

2020-08-07 13:41:27,049 INFO DEFAULT_GROUP@@ace-admin is changed, add it to push queue.

2020-08-07 13:46:23,193 INFO DEFAULT_GROUP@@ace-admin is changed, add it to push queue.

2020-08-07 13:46:27,102 INFO DEFAULT_GROUP@@ace-admin is changed, add it to push queue.

2020-08-07 13:53:02,672 INFO DEFAULT_GROUP@@ace-admin is changed, add it to push queue.

2020-08-07 13:53:06,476 INFO DEFAULT_GROUP@@ace-admin is changed, add it to push queue.

2020-08-07 13:58:07,047 INFO DEFAULT_GROUP@@ace-admin is changed, add it to push queue.

2020-08-07 13:58:10,860 INFO DEFAULT_GROUP@@ace-admin is changed, add it to push queue.

2020-08-07 13:59:30,207 INFO DEFAULT_GROUP@@ace-admin is changed, add it to push queue.

2020-08-07 13:59:34,099 INFO DEFAULT_GROUP@@ace-admin is changed, add it to push queue.

2020-08-07 14:01:03,633 INFO DEFAULT_GROUP@@ace-admin is changed, add it to push queue.

2020-08-07 14:01:07,438 INFO DEFAULT_GROUP@@ace-admin is changed, add it to push queue.

2020-08-07 14:02:04,861 INFO DEFAULT_GROUP@@ace-admin is changed, add it to push queue.

2020-08-07 14:02:08,714 INFO DEFAULT_GROUP@@ace-admin is changed, add it to push queue.

2020-08-07 14:13:57,817 INFO DEFAULT_GROUP@@ace-admin is changed, add it to push queue.

2020-08-07 14:14:01,912 INFO DEFAULT_GROUP@@ace-admin is changed, add it to push queue.

2020-08-07 14:15:40,767 INFO DEFAULT_GROUP@@ace-admin is changed, add it to push queue.

2020-08-07 14:15:44,634 INFO DEFAULT_GROUP@@ace-admin is changed, add it to push queue.

2020-08-07 14:17:12,590 INFO DEFAULT_GROUP@@ace-auth is changed, add it to push queue.

2020-08-07 14:17:42,594 INFO DEFAULT_GROUP@@ace-auth is changed, add it to push queue.

2020-08-07 14:17:57,697 INFO DEFAULT_GROUP@@ace-auth is changed, add it to push queue.

2020-08-07 14:19:04,753 INFO DEFAULT_GROUP@@ace-admin is changed, add it to push queue.

2020-08-07 14:19:08,585 INFO DEFAULT_GROUP@@ace-admin is changed, add it to push queue.

2020-08-07 14:31:48,456 INFO DEFAULT_GROUP@@ace-auth is changed, add it to push queue.

2020-08-07 14:33:52,481 INFO DEFAULT_GROUP@@ace-admin is changed, add it to push queue.

2020-08-07 14:34:33,011 INFO DEFAULT_GROUP@@ace-admin is changed, add it to push queue.

2020-08-07 14:34:37,882 INFO DEFAULT_GROUP@@ace-auth is changed, add it to push queue.

2020-08-07 14:34:48,017 INFO DEFAULT_GROUP@@ace-admin is changed, add it to push queue.

2020-08-07 14:34:52,889 INFO DEFAULT_GROUP@@ace-auth is changed, add it to push queue.

2020-08-07 14:35:26,331 INFO DEFAULT_GROUP@@ace-admin is changed, add it to push queue.

2020-08-07 14:36:13,057 INFO DEFAULT_GROUP@@ace-gateway is changed, add it to push queue.

2020-08-07 14:36:43,059 INFO DEFAULT_GROUP@@ace-gateway is changed, add it to push queue.

2020-08-07 14:36:48,035 INFO DEFAULT_GROUP@@ace-admin is changed, add it to push queue.

2020-08-07 14:36:58,068 INFO DEFAULT_GROUP@@ace-gateway is changed, add it to push queue.

2020-08-07 14:37:03,040 INFO DEFAULT_GROUP@@ace-admin is changed, add it to push queue.

2020-08-07 15:00:48,245 INFO DEFAULT_GROUP@@ace-admin is changed, add it to push queue.

2020-08-07 15:01:45,220 INFO DEFAULT_GROUP@@ace-gateway is changed, add it to push queue.

2020-08-07 15:09:00,674 INFO DEFAULT_GROUP@@ace-monitor is changed, add it to push queue.

2020-08-07 15:40:08,661 INFO DEFAULT_GROUP@@ace-gateway is changed, add it to push queue.

2020-08-07 15:40:10,992 INFO DEFAULT_GROUP@@ace-monitor is changed, add it to push queue.

2020-08-07 15:40:13,662 INFO DEFAULT_GROUP@@ace-admin is changed, add it to push queue.

2020-08-07 15:40:23,669 INFO DEFAULT_GROUP@@ace-gateway is changed, add it to push queue.

2020-08-07 15:40:25,997 INFO DEFAULT_GROUP@@ace-monitor is changed, add it to push queue.

2020-08-07 15:40:28,666 INFO DEFAULT_GROUP@@ace-admin is changed, add it to push queue.

2020-08-07 16:04:01,192 INFO DEFAULT_GROUP@@ace-admin is changed, add it to push queue.

2020-08-07 16:04:45,193 INFO DEFAULT_GROUP@@ace-admin is changed, add it to push queue.

2020-08-07 16:05:30,317 INFO DEFAULT_GROUP@@ace-gateway is changed, add it to push queue.

2020-08-07 16:05:40,515 WARN client: 192.168.56.1:52219 already associated with key serviceName: DEFAULT_GROUP@@ace-gateway, clusters: , ip: 192.168.56.1, port: 52219, agent: Nacos-Java-Client:v1.1.4

2020-08-07 16:05:40,538 WARN client: 192.168.56.1:52219 already associated with key serviceName: DEFAULT_GROUP@@ace-auth, clusters: , ip: 192.168.56.1, port: 52219, agent: Nacos-Java-Client:v1.1.4

2020-08-07 16:09:49,013 INFO DEFAULT_GROUP@@ace-gateway is changed, add it to push queue.

2020-08-07 16:09:49,013 INFO DEFAULT_GROUP@@ace-admin is changed, add it to push queue.

2020-08-07 16:10:04,020 INFO DEFAULT_GROUP@@ace-admin is changed, add it to push queue.

2020-08-07 16:10:04,020 INFO DEFAULT_GROUP@@ace-gateway is changed, add it to push queue.

2020-08-07 16:11:06,159 INFO DEFAULT_GROUP@@ace-admin is changed, add it to push queue.

2020-08-07 16:11:39,480 INFO DEFAULT_GROUP@@ace-admin is changed, add it to push queue.

2020-08-07 16:12:15,230 INFO DEFAULT_GROUP@@ace-gateway is changed, add it to push queue.

2020-08-07 17:00:29,546 INFO DEFAULT_GROUP@@ace-gateway is changed, add it to push queue.

2020-08-07 17:00:29,546 INFO DEFAULT_GROUP@@ace-admin is changed, add it to push queue.

