2020-08-07 13:23:00,079 INFO PERFORMANCE:|0|0|-1|-1

2020-08-07 13:28:00,080 INFO PERFORMANCE:|1|0|-1|-1

2020-08-07 13:33:00,083 INFO PERFORMANCE:|1|0|-1|-1

2020-08-07 13:38:00,084 INFO PERFORMANCE:|1|0|-1|-1

2020-08-07 13:43:00,084 INFO PERFORMANCE:|1|0|-1|-1

2020-08-07 13:48:00,086 INFO PERFORMANCE:|1|0|-1|-1

2020-08-07 13:53:00,086 INFO PERFORMANCE:|1|0|-1|-1

2020-08-07 13:58:00,088 INFO PERFORMANCE:|1|0|-1|-1

2020-08-07 14:03:00,089 INFO PERFORMANCE:|1|0|-1|-1

2020-08-07 14:08:00,090 INFO PERFORMANCE:|1|0|-1|-1

2020-08-07 14:13:00,092 INFO PERFORMANCE:|1|0|-1|-1

2020-08-07 14:13:49,888 INFO PERFORMANCE:|0|0|-1|-1

2020-08-07 14:18:49,890 INFO PERFORMANCE:|2|0|-1|-1

2020-08-07 14:23:49,891 INFO PERFORMANCE:|2|0|-1|-1

2020-08-07 14:28:49,893 INFO PERFORMANCE:|2|0|-1|-1

2020-08-07 14:33:49,893 INFO PERFORMANCE:|2|1|-1|-1

2020-08-07 14:38:49,894 INFO PERFORMANCE:|3|0|-1|-1

2020-08-07 14:43:49,895 INFO PERFORMANCE:|3|0|-1|-1

2020-08-07 14:48:49,896 INFO PERFORMANCE:|3|0|-1|-1

2020-08-07 14:53:49,897 INFO PERFORMANCE:|3|0|-1|-1

2020-08-07 14:58:49,899 INFO PERFORMANCE:|3|0|-1|-1

2020-08-07 15:03:49,901 INFO PERFORMANCE:|3|2|-1|-1

2020-08-07 15:08:49,903 INFO PERFORMANCE:|3|2|-1|-1

2020-08-07 15:13:49,904 INFO PERFORMANCE:|4|3|-1|-1

2020-08-07 15:18:49,906 INFO PERFORMANCE:|4|3|-1|-1

2020-08-07 15:23:49,907 INFO PERFORMANCE:|4|3|-1|-1

2020-08-07 15:28:49,909 INFO PERFORMANCE:|4|3|-1|-1

2020-08-07 15:33:49,911 INFO PERFORMANCE:|4|3|-1|-1

2020-08-07 15:38:49,912 INFO PERFORMANCE:|4|3|-1|-1

2020-08-07 15:43:49,914 INFO PERFORMANCE:|4|0|-1|-1

2020-08-07 15:48:49,915 INFO PERFORMANCE:|4|0|-1|-1

2020-08-07 15:53:49,916 INFO PERFORMANCE:|4|0|-1|-1

2020-08-07 15:58:49,917 INFO PERFORMANCE:|4|0|-1|-1

2020-08-07 16:03:49,919 INFO PERFORMANCE:|4|0|-1|-1

2020-08-07 16:08:49,920 INFO PERFORMANCE:|4|3|-1|-1

2020-08-07 16:13:49,922 INFO PERFORMANCE:|4|3|-1|-1

2020-08-07 16:18:49,923 INFO PERFORMANCE:|4|3|-1|-1

2020-08-07 16:23:49,925 INFO PERFORMANCE:|4|3|-1|-1

2020-08-07 16:28:49,927 INFO PERFORMANCE:|4|3|-1|-1

2020-08-07 16:33:49,928 INFO PERFORMANCE:|4|3|-1|-1

2020-08-07 16:38:49,930 INFO PERFORMANCE:|4|3|-1|-1

2020-08-07 16:43:49,931 INFO PERFORMANCE:|4|3|-1|-1

2020-08-07 16:48:49,933 INFO PERFORMANCE:|4|3|-1|-1

2020-08-07 16:53:49,935 INFO PERFORMANCE:|4|3|-1|-1

2020-08-07 16:58:49,936 INFO PERFORMANCE:|4|3|-1|-1

